Watching for file changes with StatReloader
[INFO][2020-06-03 19:45:17,529][autoreload.py:578]Watching for file changes with StatReloader
/usr/lib/python3/dist-packages/requests/__init__.py:80: RequestsDependencyWarning: urllib3 (1.25.9) or chardet (3.0.4) doesn't match a supported version!
  RequestsDependencyWarning)
[03/Jun/2020 19:47:29] "GET /article/?format=json&page=1 HTTP/1.1" 200 50173
Not Found: /article/
[WARNING][2020-06-03 20:05:23,488][log.py:228]Not Found: /article/
[03/Jun/2020 20:05:23] "GET /article/?format=json&page=2 HTTP/1.1" 404 26
Not Found: /article/
[WARNING][2020-06-03 20:05:25,720][log.py:228]Not Found: /article/
[03/Jun/2020 20:05:25] "GET /article/?format=json&page=3 HTTP/1.1" 404 26
Not Found: /article/
[WARNING][2020-06-03 20:05:36,853][log.py:228]Not Found: /article/
[03/Jun/2020 20:05:36] "GET /article/?format=json&page=4 HTTP/1.1" 404 26
[03/Jun/2020 20:05:46] "GET /article/?format=json&page=1 HTTP/1.1" 200 50173
Not Found: /article/
[WARNING][2020-06-03 20:05:48,599][log.py:228]Not Found: /article/
[03/Jun/2020 20:05:48] "GET /article/?format=json&page=2 HTTP/1.1" 404 26
Not Found: /article/
[WARNING][2020-06-03 20:06:18,841][log.py:228]Not Found: /article/
[03/Jun/2020 20:06:18] "GET /article/?format=json&page=3 HTTP/1.1" 404 26
/home/zhangw/project/coc_news/backend/news/views.py changed, reloading.
[INFO][2020-06-03 20:07:18,878][autoreload.py:203]/home/zhangw/project/coc_news/backend/news/views.py changed, reloading.
Performing system checks...

System check identified no issues (0 silenced).
June 03, 2020 - 19:45:18
Django version 2.2, using settings 'yahoonews.settings'
Starting development server at http://0.0.0.0:8000/
Quit the server with CONTROL-C.
Watching for file changes with StatReloader
[INFO][2020-06-03 20:07:19,488][autoreload.py:578]Watching for file changes with StatReloader
/usr/lib/python3/dist-packages/requests/__init__.py:80: RequestsDependencyWarning: urllib3 (1.25.9) or chardet (3.0.4) doesn't match a supported version!
  RequestsDependencyWarning)
Not Found: /article/
[WARNING][2020-06-03 20:08:55,061][log.py:228]Not Found: /article/
[03/Jun/2020 20:08:55] "GET /article/?format=json&page=4 HTTP/1.1" 404 26
[03/Jun/2020 20:08:58] "GET /article/?format=json&page=1 HTTP/1.1" 200 121113
[03/Jun/2020 20:19:46] "GET /article/?format=json&page=1 HTTP/1.1" 200 145471
Not Found: /http:/123.125.114.144/
[WARNING][2020-06-03 20:20:16,568][log.py:228]Not Found: /http:/123.125.114.144/
[03/Jun/2020 20:20:16] "HEAD http://123.125.114.144/ HTTP/1.1" 404 1678
Not Found: /http:/www.baidu.com/cache/global/img/gs.gif
[WARNING][2020-06-03 20:33:26,017][log.py:228]Not Found: /http:/www.baidu.com/cache/global/img/gs.gif
[03/Jun/2020 20:33:26] "GET http://www.baidu.com/cache/global/img/gs.gif HTTP/1.1" 404 1738
----------------------------------------
Exception happened during processing of request from ('80.82.70.187', 54422)
Traceback (most recent call last):
  File "/usr/lib/python3.6/socketserver.py", line 654, in process_request_thread
    self.finish_request(request, client_address)
  File "/usr/lib/python3.6/socketserver.py", line 364, in finish_request
    self.RequestHandlerClass(request, client_address, self)
  File "/usr/lib/python3.6/socketserver.py", line 724, in __init__
    self.handle()
  File "/usr/local/lib/python3.6/dist-packages/django/core/servers/basehttp.py", line 171, in handle
    self.handle_one_request()
  File "/usr/local/lib/python3.6/dist-packages/django/core/servers/basehttp.py", line 179, in handle_one_request
    self.raw_requestline = self.rfile.readline(65537)
  File "/usr/lib/python3.6/socket.py", line 586, in readinto
    return self._sock.recv_into(b)
ConnectionResetError: [Errno 104] Connection reset by peer
----------------------------------------
[03/Jun/2020 20:41:00] "GET / HTTP/1.1" 200 10073
[03/Jun/2020 20:41:00] "GET /home/zhangw/project/coc_news/backend/static/rest_framework/css/bootstrap-tweaks.css HTTP/1.1" 200 3385
[03/Jun/2020 20:41:00] "GET /home/zhangw/project/coc_news/backend/static/rest_framework/css/prettify.css HTTP/1.1" 200 817
[03/Jun/2020 20:41:00] "GET /home/zhangw/project/coc_news/backend/static/rest_framework/css/default.css HTTP/1.1" 200 1131
[03/Jun/2020 20:41:00] "GET /home/zhangw/project/coc_news/backend/static/rest_framework/js/ajax-form.js HTTP/1.1" 200 3597
[03/Jun/2020 20:41:00] "GET /home/zhangw/project/coc_news/backend/static/rest_framework/js/csrf.js HTTP/1.1" 200 1719
[03/Jun/2020 20:41:00] "GET /home/zhangw/project/coc_news/backend/static/rest_framework/js/bootstrap.min.js HTTP/1.1" 200 37608
[03/Jun/2020 20:41:00] "GET /home/zhangw/project/coc_news/backend/static/rest_framework/js/jquery-3.3.1.min.js HTTP/1.1" 200 86927
[03/Jun/2020 20:41:00] "GET /home/zhangw/project/coc_news/backend/static/rest_framework/js/prettify-min.js HTTP/1.1" 200 13632
[03/Jun/2020 20:41:01] "GET /home/zhangw/project/coc_news/backend/static/rest_framework/js/default.js HTTP/1.1" 200 1268
[03/Jun/2020 20:41:01] "GET /home/zhangw/project/coc_news/backend/static/rest_framework/css/bootstrap.min.css HTTP/1.1" 200 121457
[03/Jun/2020 20:41:01] "GET /home/zhangw/project/coc_news/backend/static/rest_framework/img/grid.png HTTP/1.1" 200 1458
[03/Jun/2020 20:41:01] "GET /home/zhangw/project/coc_news/backend/static/rest_framework/css/bootstrap.min.css.map HTTP/1.1" 404 1823
Not Found: /favicon.ico
[WARNING][2020-06-03 20:41:02,125][log.py:228]Not Found: /favicon.ico
[03/Jun/2020 20:41:02] "GET /favicon.ico HTTP/1.1" 404 4478
/usr/local/lib/python3.6/dist-packages/rest_framework/pagination.py:198: UnorderedObjectListWarning: Pagination may yield inconsistent results with an unordered object_list: <class 'news.models.Article_translation'> QuerySet.
  paginator = self.django_paginator_class(queryset, page_size)
[03/Jun/2020 20:41:05] "GET /home/zhangw/project/coc_news/backend/static/rest_framework/css/bootstrap.min.css.map HTTP/1.1" 404 1823
[03/Jun/2020 20:41:05] "GET /article_translation/ HTTP/1.1" 200 104767
[03/Jun/2020 20:45:47] "GET / HTTP/1.1" 200 73
/home/zhangw/project/coc_news/backend/news/views.py changed, reloading.
[INFO][2020-06-03 20:57:19,790][autoreload.py:203]/home/zhangw/project/coc_news/backend/news/views.py changed, reloading.
Performing system checks...

System check identified no issues (0 silenced).
June 03, 2020 - 20:07:20
Django version 2.2, using settings 'yahoonews.settings'
Starting development server at http://0.0.0.0:8000/
Quit the server with CONTROL-C.
Watching for file changes with StatReloader
[INFO][2020-06-03 20:57:20,471][autoreload.py:578]Watching for file changes with StatReloader
/usr/lib/python3/dist-packages/requests/__init__.py:80: RequestsDependencyWarning: urllib3 (1.25.9) or chardet (3.0.4) doesn't match a supported version!
  RequestsDependencyWarning)
Not Found: /article_translation/guid/111
[WARNING][2020-06-03 20:57:38,755][log.py:228]Not Found: /article_translation/guid/111
[03/Jun/2020 20:57:38] "GET /article_translation/guid/111 HTTP/1.1" 404 4529
Performing system checks...

System check identified no issues (0 silenced).
June 03, 2020 - 20:57:21
Django version 2.2, using settings 'yahoonews.settings'
Starting development server at http://0.0.0.0:8000/
Quit the server with CONTROL-C.
Watching for file changes with StatReloader
[INFO][2020-06-03 22:21:55,951][autoreload.py:578]Watching for file changes with StatReloader
/usr/lib/python3/dist-packages/requests/__init__.py:80: RequestsDependencyWarning: urllib3 (1.25.9) or chardet (3.0.4) doesn't match a supported version!
  RequestsDependencyWarning)
